{"B:\\projets\\microverse\\webpack\\todo-original\\src\\index.js": {"path":"B:\\projets\\microverse\\webpack\\todo-original\\src\\index.js","statementMap":{"0":{"start":{"line":4,"column":0},"end":{"line":4,"column":26}},"1":{"start":{"line":6,"column":0},"end":{"line":6,"column":52}},"2":{"start":{"line":8,"column":20},"end":{"line":115,"column":1}},"3":{"start":{"line":9,"column":2},"end":{"line":9,"column":12}},"4":{"start":{"line":10,"column":22},"end":{"line":30,"column":3}},"5":{"start":{"line":11,"column":4},"end":{"line":11,"column":23}},"6":{"start":{"line":12,"column":4},"end":{"line":29,"column":5}},"7":{"start":{"line":16,"column":27},"end":{"line":16,"column":62}},"8":{"start":{"line":17,"column":20},"end":{"line":17,"column":55}},"9":{"start":{"line":18,"column":22},"end":{"line":18,"column":49}},"10":{"start":{"line":19,"column":21},"end":{"line":19,"column":44}},"11":{"start":{"line":20,"column":6},"end":{"line":24,"column":7}},"12":{"start":{"line":21,"column":8},"end":{"line":21,"column":50}},"13":{"start":{"line":23,"column":8},"end":{"line":23,"column":62}},"14":{"start":{"line":25,"column":20},"end":{"line":25,"column":61}},"15":{"start":{"line":26,"column":22},"end":{"line":26,"column":46}},"16":{"start":{"line":27,"column":6},"end":{"line":27,"column":42}},"17":{"start":{"line":28,"column":6},"end":{"line":28,"column":59}},"18":{"start":{"line":31,"column":2},"end":{"line":31,"column":77}},"19":{"start":{"line":33,"column":2},"end":{"line":52,"column":5}},"20":{"start":{"line":34,"column":4},"end":{"line":51,"column":7}},"21":{"start":{"line":35,"column":6},"end":{"line":50,"column":7}},"22":{"start":{"line":36,"column":21},"end":{"line":36,"column":43}},"23":{"start":{"line":37,"column":22},"end":{"line":37,"column":54}},"24":{"start":{"line":38,"column":21},"end":{"line":38,"column":48}},"25":{"start":{"line":39,"column":27},"end":{"line":39,"column":55}},"26":{"start":{"line":40,"column":24},"end":{"line":40,"column":55}},"27":{"start":{"line":42,"column":8},"end":{"line":42,"column":50}},"28":{"start":{"line":43,"column":8},"end":{"line":43,"column":36}},"29":{"start":{"line":44,"column":8},"end":{"line":44,"column":46}},"30":{"start":{"line":45,"column":8},"end":{"line":45,"column":45}},"31":{"start":{"line":46,"column":8},"end":{"line":46,"column":35}},"32":{"start":{"line":47,"column":8},"end":{"line":47,"column":47}},"33":{"start":{"line":48,"column":8},"end":{"line":48,"column":35}},"34":{"start":{"line":49,"column":8},"end":{"line":49,"column":47}},"35":{"start":{"line":54,"column":14},"end":{"line":54,"column":48}},"36":{"start":{"line":55,"column":19},"end":{"line":55,"column":55}},"37":{"start":{"line":57,"column":22},"end":{"line":74,"column":3}},"38":{"start":{"line":58,"column":17},"end":{"line":58,"column":38}},"39":{"start":{"line":59,"column":4},"end":{"line":72,"column":5}},"40":{"start":{"line":60,"column":6},"end":{"line":60,"column":26}},"41":{"start":{"line":61,"column":20},"end":{"line":63,"column":51}},"42":{"start":{"line":64,"column":26},"end":{"line":68,"column":7}},"43":{"start":{"line":69,"column":6},"end":{"line":69,"column":29}},"44":{"start":{"line":70,"column":6},"end":{"line":70,"column":30}},"45":{"start":{"line":71,"column":6},"end":{"line":71,"column":59}},"46":{"start":{"line":73,"column":4},"end":{"line":73,"column":21}},"47":{"start":{"line":75,"column":2},"end":{"line":75,"column":45}},"48":{"start":{"line":77,"column":2},"end":{"line":91,"column":5}},"49":{"start":{"line":78,"column":4},"end":{"line":90,"column":7}},"50":{"start":{"line":79,"column":19},"end":{"line":79,"column":37}},"51":{"start":{"line":80,"column":6},"end":{"line":89,"column":7}},"52":{"start":{"line":81,"column":8},"end":{"line":88,"column":9}},"53":{"start":{"line":82,"column":24},"end":{"line":82,"column":65}},"54":{"start":{"line":83,"column":30},"end":{"line":85,"column":11}},"55":{"start":{"line":84,"column":22},"end":{"line":84,"column":78}},"56":{"start":{"line":87,"column":10},"end":{"line":87,"column":57}},"57":{"start":{"line":93,"column":2},"end":{"line":98,"column":5}},"58":{"start":{"line":94,"column":4},"end":{"line":97,"column":5}},"59":{"start":{"line":96,"column":6},"end":{"line":96,"column":18}},"60":{"start":{"line":100,"column":2},"end":{"line":114,"column":5}},"61":{"start":{"line":101,"column":26},"end":{"line":101,"column":28}},"62":{"start":{"line":102,"column":4},"end":{"line":112,"column":7}},"63":{"start":{"line":103,"column":6},"end":{"line":105,"column":8}},"64":{"start":{"line":106,"column":6},"end":{"line":106,"column":33}},"65":{"start":{"line":107,"column":6},"end":{"line":111,"column":9}},"66":{"start":{"line":108,"column":8},"end":{"line":110,"column":16}},"67":{"start":{"line":109,"column":10},"end":{"line":109,"column":24}},"68":{"start":{"line":113,"column":4},"end":{"line":113,"column":34}},"69":{"start":{"line":117,"column":27},"end":{"line":121,"column":1}},"70":{"start":{"line":118,"column":2},"end":{"line":120,"column":5}},"71":{"start":{"line":119,"column":4},"end":{"line":119,"column":24}},"72":{"start":{"line":123,"column":25},"end":{"line":127,"column":1}},"73":{"start":{"line":124,"column":16},"end":{"line":124,"column":57}},"74":{"start":{"line":125,"column":2},"end":{"line":125,"column":37}},"75":{"start":{"line":126,"column":2},"end":{"line":126,"column":55}},"76":{"start":{"line":129,"column":26},"end":{"line":134,"column":1}},"77":{"start":{"line":130,"column":16},"end":{"line":130,"column":57}},"78":{"start":{"line":131,"column":2},"end":{"line":131,"column":25}},"79":{"start":{"line":132,"column":2},"end":{"line":132,"column":21}},"80":{"start":{"line":133,"column":2},"end":{"line":133,"column":55}},"81":{"start":{"line":136,"column":24},"end":{"line":141,"column":1}},"82":{"start":{"line":137,"column":16},"end":{"line":137,"column":57}},"83":{"start":{"line":138,"column":2},"end":{"line":138,"column":27}},"84":{"start":{"line":139,"column":2},"end":{"line":139,"column":21}},"85":{"start":{"line":140,"column":2},"end":{"line":140,"column":55}},"86":{"start":{"line":143,"column":30},"end":{"line":148,"column":1}},"87":{"start":{"line":144,"column":14},"end":{"line":144,"column":55}},"88":{"start":{"line":145,"column":2},"end":{"line":145,"column":66}},"89":{"start":{"line":145,"column":40},"end":{"line":145,"column":64}},"90":{"start":{"line":146,"column":2},"end":{"line":146,"column":21}},"91":{"start":{"line":147,"column":2},"end":{"line":147,"column":55}},"92":{"start":{"line":150,"column":23},"end":{"line":241,"column":1}},"93":{"start":{"line":151,"column":2},"end":{"line":153,"column":3}},"94":{"start":{"line":152,"column":4},"end":{"line":152,"column":14}},"95":{"start":{"line":155,"column":2},"end":{"line":239,"column":5}},"96":{"start":{"line":156,"column":17},"end":{"line":156,"column":45}},"97":{"start":{"line":157,"column":24},"end":{"line":157,"column":53}},"98":{"start":{"line":158,"column":20},"end":{"line":158,"column":51}},"99":{"start":{"line":159,"column":18},"end":{"line":159,"column":48}},"100":{"start":{"line":160,"column":17},"end":{"line":160,"column":44}},"101":{"start":{"line":161,"column":22},"end":{"line":161,"column":53}},"102":{"start":{"line":162,"column":19},"end":{"line":162,"column":49}},"103":{"start":{"line":163,"column":17},"end":{"line":163,"column":47}},"104":{"start":{"line":164,"column":17},"end":{"line":164,"column":44}},"105":{"start":{"line":165,"column":21},"end":{"line":165,"column":48}},"106":{"start":{"line":166,"column":4},"end":{"line":166,"column":31}},"107":{"start":{"line":167,"column":4},"end":{"line":167,"column":34}},"108":{"start":{"line":168,"column":4},"end":{"line":168,"column":40}},"109":{"start":{"line":169,"column":4},"end":{"line":169,"column":35}},"110":{"start":{"line":170,"column":4},"end":{"line":170,"column":46}},"111":{"start":{"line":171,"column":4},"end":{"line":171,"column":38}},"112":{"start":{"line":172,"column":4},"end":{"line":172,"column":31}},"113":{"start":{"line":173,"column":4},"end":{"line":173,"column":41}},"114":{"start":{"line":174,"column":4},"end":{"line":174,"column":33}},"115":{"start":{"line":175,"column":4},"end":{"line":175,"column":34}},"116":{"start":{"line":176,"column":4},"end":{"line":176,"column":41}},"117":{"start":{"line":177,"column":4},"end":{"line":177,"column":51}},"118":{"start":{"line":179,"column":4},"end":{"line":179,"column":41}},"119":{"start":{"line":180,"column":4},"end":{"line":180,"column":42}},"120":{"start":{"line":181,"column":4},"end":{"line":181,"column":45}},"121":{"start":{"line":182,"column":4},"end":{"line":182,"column":33}},"122":{"start":{"line":184,"column":4},"end":{"line":184,"column":43}},"123":{"start":{"line":185,"column":4},"end":{"line":185,"column":47}},"124":{"start":{"line":186,"column":4},"end":{"line":186,"column":47}},"125":{"start":{"line":187,"column":4},"end":{"line":187,"column":49}},"126":{"start":{"line":188,"column":4},"end":{"line":191,"column":5}},"127":{"start":{"line":189,"column":6},"end":{"line":189,"column":36}},"128":{"start":{"line":190,"column":6},"end":{"line":190,"column":49}},"129":{"start":{"line":193,"column":4},"end":{"line":195,"column":7}},"130":{"start":{"line":194,"column":6},"end":{"line":194,"column":37}},"131":{"start":{"line":196,"column":4},"end":{"line":198,"column":7}},"132":{"start":{"line":197,"column":6},"end":{"line":197,"column":40}},"133":{"start":{"line":200,"column":4},"end":{"line":212,"column":7}},"134":{"start":{"line":201,"column":32},"end":{"line":201,"column":64}},"135":{"start":{"line":202,"column":26},"end":{"line":202,"column":30}},"136":{"start":{"line":203,"column":6},"end":{"line":208,"column":8}},"137":{"start":{"line":209,"column":6},"end":{"line":211,"column":56}},"138":{"start":{"line":214,"column":4},"end":{"line":227,"column":7}},"139":{"start":{"line":215,"column":32},"end":{"line":215,"column":50}},"140":{"start":{"line":216,"column":6},"end":{"line":216,"column":46}},"141":{"start":{"line":217,"column":6},"end":{"line":221,"column":8}},"142":{"start":{"line":222,"column":6},"end":{"line":226,"column":9}},"143":{"start":{"line":223,"column":8},"end":{"line":225,"column":16}},"144":{"start":{"line":224,"column":10},"end":{"line":224,"column":37}},"145":{"start":{"line":229,"column":4},"end":{"line":229,"column":29}},"146":{"start":{"line":230,"column":4},"end":{"line":230,"column":31}},"147":{"start":{"line":231,"column":4},"end":{"line":231,"column":37}},"148":{"start":{"line":232,"column":4},"end":{"line":232,"column":35}},"149":{"start":{"line":233,"column":4},"end":{"line":233,"column":34}},"150":{"start":{"line":234,"column":4},"end":{"line":234,"column":27}},"151":{"start":{"line":235,"column":4},"end":{"line":235,"column":32}},"152":{"start":{"line":236,"column":4},"end":{"line":236,"column":29}},"153":{"start":{"line":237,"column":4},"end":{"line":237,"column":27}},"154":{"start":{"line":238,"column":4},"end":{"line":238,"column":55}},"155":{"start":{"line":240,"column":2},"end":{"line":240,"column":15}}},"fnMap":{"0":{"name":"(anonymous_0)","decl":{"start":{"line":8,"column":20},"end":{"line":8,"column":21}},"loc":{"start":{"line":8,"column":26},"end":{"line":115,"column":1}},"line":8},"1":{"name":"(anonymous_1)","decl":{"start":{"line":10,"column":22},"end":{"line":10,"column":23}},"loc":{"start":{"line":10,"column":29},"end":{"line":30,"column":3}},"line":10},"2":{"name":"(anonymous_2)","decl":{"start":{"line":33,"column":49},"end":{"line":33,"column":50}},"loc":{"start":{"line":33,"column":59},"end":{"line":52,"column":3}},"line":33},"3":{"name":"(anonymous_3)","decl":{"start":{"line":34,"column":35},"end":{"line":34,"column":36}},"loc":{"start":{"line":34,"column":42},"end":{"line":51,"column":5}},"line":34},"4":{"name":"(anonymous_4)","decl":{"start":{"line":57,"column":22},"end":{"line":57,"column":23}},"loc":{"start":{"line":57,"column":28},"end":{"line":74,"column":3}},"line":57},"5":{"name":"(anonymous_5)","decl":{"start":{"line":77,"column":50},"end":{"line":77,"column":51}},"loc":{"start":{"line":77,"column":61},"end":{"line":91,"column":3}},"line":77},"6":{"name":"(anonymous_6)","decl":{"start":{"line":78,"column":38},"end":{"line":78,"column":39}},"loc":{"start":{"line":78,"column":45},"end":{"line":90,"column":5}},"line":78},"7":{"name":"(anonymous_7)","decl":{"start":{"line":84,"column":12},"end":{"line":84,"column":13}},"loc":{"start":{"line":84,"column":22},"end":{"line":84,"column":78}},"line":84},"8":{"name":"(anonymous_8)","decl":{"start":{"line":93,"column":39},"end":{"line":93,"column":40}},"loc":{"start":{"line":93,"column":46},"end":{"line":98,"column":3}},"line":93},"9":{"name":"(anonymous_9)","decl":{"start":{"line":100,"column":71},"end":{"line":100,"column":72}},"loc":{"start":{"line":100,"column":77},"end":{"line":114,"column":3}},"line":100},"10":{"name":"(anonymous_10)","decl":{"start":{"line":102,"column":55},"end":{"line":102,"column":56}},"loc":{"start":{"line":102,"column":65},"end":{"line":112,"column":5}},"line":102},"11":{"name":"(anonymous_11)","decl":{"start":{"line":107,"column":44},"end":{"line":107,"column":45}},"loc":{"start":{"line":107,"column":50},"end":{"line":111,"column":7}},"line":107},"12":{"name":"(anonymous_12)","decl":{"start":{"line":108,"column":19},"end":{"line":108,"column":20}},"loc":{"start":{"line":108,"column":25},"end":{"line":110,"column":9}},"line":108},"13":{"name":"(anonymous_13)","decl":{"start":{"line":117,"column":27},"end":{"line":117,"column":28}},"loc":{"start":{"line":117,"column":36},"end":{"line":121,"column":1}},"line":117},"14":{"name":"(anonymous_14)","decl":{"start":{"line":118,"column":14},"end":{"line":118,"column":15}},"loc":{"start":{"line":118,"column":31},"end":{"line":120,"column":3}},"line":118},"15":{"name":"(anonymous_15)","decl":{"start":{"line":123,"column":25},"end":{"line":123,"column":26}},"loc":{"start":{"line":123,"column":47},"end":{"line":127,"column":1}},"line":123},"16":{"name":"(anonymous_16)","decl":{"start":{"line":129,"column":26},"end":{"line":129,"column":27}},"loc":{"start":{"line":129,"column":37},"end":{"line":134,"column":1}},"line":129},"17":{"name":"(anonymous_17)","decl":{"start":{"line":136,"column":24},"end":{"line":136,"column":25}},"loc":{"start":{"line":136,"column":41},"end":{"line":141,"column":1}},"line":136},"18":{"name":"(anonymous_18)","decl":{"start":{"line":143,"column":30},"end":{"line":143,"column":31}},"loc":{"start":{"line":143,"column":43},"end":{"line":148,"column":1}},"line":143},"19":{"name":"(anonymous_19)","decl":{"start":{"line":145,"column":23},"end":{"line":145,"column":24}},"loc":{"start":{"line":145,"column":40},"end":{"line":145,"column":64}},"line":145},"20":{"name":"(anonymous_20)","decl":{"start":{"line":150,"column":23},"end":{"line":150,"column":24}},"loc":{"start":{"line":150,"column":78},"end":{"line":241,"column":1}},"line":150},"21":{"name":"(anonymous_21)","decl":{"start":{"line":155,"column":16},"end":{"line":155,"column":17}},"loc":{"start":{"line":155,"column":26},"end":{"line":239,"column":3}},"line":155},"22":{"name":"(anonymous_22)","decl":{"start":{"line":193,"column":39},"end":{"line":193,"column":40}},"loc":{"start":{"line":193,"column":51},"end":{"line":195,"column":5}},"line":193},"23":{"name":"(anonymous_23)","decl":{"start":{"line":196,"column":37},"end":{"line":196,"column":38}},"loc":{"start":{"line":196,"column":49},"end":{"line":198,"column":5}},"line":196},"24":{"name":"(anonymous_24)","decl":{"start":{"line":200,"column":38},"end":{"line":200,"column":39}},"loc":{"start":{"line":200,"column":50},"end":{"line":212,"column":5}},"line":200},"25":{"name":"(anonymous_25)","decl":{"start":{"line":214,"column":37},"end":{"line":214,"column":38}},"loc":{"start":{"line":214,"column":49},"end":{"line":227,"column":5}},"line":214},"26":{"name":"(anonymous_26)","decl":{"start":{"line":222,"column":57},"end":{"line":222,"column":58}},"loc":{"start":{"line":222,"column":63},"end":{"line":226,"column":7}},"line":222},"27":{"name":"(anonymous_27)","decl":{"start":{"line":223,"column":19},"end":{"line":223,"column":20}},"loc":{"start":{"line":223,"column":25},"end":{"line":225,"column":9}},"line":223}},"branchMap":{"0":{"loc":{"start":{"line":12,"column":4},"end":{"line":29,"column":5}},"type":"if","locations":[{"start":{"line":12,"column":4},"end":{"line":29,"column":5}},{"start":{},"end":{}}],"line":12},"1":{"loc":{"start":{"line":13,"column":6},"end":{"line":14,"column":41}},"type":"binary-expr","locations":[{"start":{"line":13,"column":6},"end":{"line":13,"column":46}},{"start":{"line":14,"column":6},"end":{"line":14,"column":41}}],"line":13},"2":{"loc":{"start":{"line":20,"column":6},"end":{"line":24,"column":7}},"type":"if","locations":[{"start":{"line":20,"column":6},"end":{"line":24,"column":7}},{"start":{"line":22,"column":13},"end":{"line":24,"column":7}}],"line":20},"3":{"loc":{"start":{"line":35,"column":6},"end":{"line":50,"column":7}},"type":"if","locations":[{"start":{"line":35,"column":6},"end":{"line":50,"column":7}},{"start":{},"end":{}}],"line":35},"4":{"loc":{"start":{"line":59,"column":4},"end":{"line":72,"column":5}},"type":"if","locations":[{"start":{"line":59,"column":4},"end":{"line":72,"column":5}},{"start":{},"end":{}}],"line":59},"5":{"loc":{"start":{"line":61,"column":20},"end":{"line":63,"column":51}},"type":"cond-expr","locations":[{"start":{"line":62,"column":10},"end":{"line":62,"column":12}},{"start":{"line":63,"column":10},"end":{"line":63,"column":51}}],"line":61},"6":{"loc":{"start":{"line":80,"column":6},"end":{"line":89,"column":7}},"type":"if","locations":[{"start":{"line":80,"column":6},"end":{"line":89,"column":7}},{"start":{},"end":{}}],"line":80},"7":{"loc":{"start":{"line":81,"column":8},"end":{"line":88,"column":9}},"type":"if","locations":[{"start":{"line":81,"column":8},"end":{"line":88,"column":9}},{"start":{},"end":{}}],"line":81},"8":{"loc":{"start":{"line":94,"column":4},"end":{"line":97,"column":5}},"type":"if","locations":[{"start":{"line":94,"column":4},"end":{"line":97,"column":5}},{"start":{},"end":{}}],"line":94},"9":{"loc":{"start":{"line":150,"column":24},"end":{"line":150,"column":73}},"type":"default-arg","locations":[{"start":{"line":150,"column":32},"end":{"line":150,"column":73}}],"line":150},"10":{"loc":{"start":{"line":151,"column":2},"end":{"line":153,"column":3}},"type":"if","locations":[{"start":{"line":151,"column":2},"end":{"line":153,"column":3}},{"start":{},"end":{}}],"line":151},"11":{"loc":{"start":{"line":188,"column":4},"end":{"line":191,"column":5}},"type":"if","locations":[{"start":{"line":188,"column":4},"end":{"line":191,"column":5}},{"start":{},"end":{}}],"line":188},"12":{"loc":{"start":{"line":209,"column":6},"end":{"line":211,"column":55}},"type":"cond-expr","locations":[{"start":{"line":210,"column":10},"end":{"line":210,"column":52}},{"start":{"line":211,"column":10},"end":{"line":211,"column":55}}],"line":209}},"s":{"0":1,"1":1,"2":1,"3":0,"4":0,"5":0,"6":0,"7":0,"8":0,"9":0,"10":0,"11":0,"12":0,"13":0,"14":0,"15":0,"16":0,"17":0,"18":0,"19":0,"20":0,"21":0,"22":0,"23":0,"24":0,"25":0,"26":0,"27":0,"28":0,"29":0,"30":0,"31":0,"32":0,"33":0,"34":0,"35":0,"36":0,"37":0,"38":0,"39":0,"40":0,"41":0,"42":0,"43":0,"44":0,"45":0,"46":0,"47":0,"48":0,"49":0,"50":0,"51":0,"52":0,"53":0,"54":0,"55":0,"56":0,"57":0,"58":0,"59":0,"60":0,"61":0,"62":0,"63":0,"64":0,"65":0,"66":0,"67":0,"68":0,"69":1,"70":2,"71":4,"72":1,"73":0,"74":0,"75":0,"76":1,"77":0,"78":0,"79":0,"80":0,"81":1,"82":0,"83":0,"84":0,"85":0,"86":1,"87":0,"88":0,"89":0,"90":0,"91":0,"92":1,"93":0,"94":0,"95":0,"96":0,"97":0,"98":0,"99":0,"100":0,"101":0,"102":0,"103":0,"104":0,"105":0,"106":0,"107":0,"108":0,"109":0,"110":0,"111":0,"112":0,"113":0,"114":0,"115":0,"116":0,"117":0,"118":0,"119":0,"120":0,"121":0,"122":0,"123":0,"124":0,"125":0,"126":0,"127":0,"128":0,"129":0,"130":0,"131":0,"132":0,"133":0,"134":0,"135":0,"136":0,"137":0,"138":0,"139":0,"140":0,"141":0,"142":0,"143":0,"144":0,"145":0,"146":0,"147":0,"148":0,"149":0,"150":0,"151":0,"152":0,"153":0,"154":0,"155":0},"f":{"0":0,"1":0,"2":0,"3":0,"4":0,"5":0,"6":0,"7":0,"8":0,"9":0,"10":0,"11":0,"12":0,"13":2,"14":4,"15":0,"16":0,"17":0,"18":0,"19":0,"20":0,"21":0,"22":0,"23":0,"24":0,"25":0,"26":0,"27":0},"b":{"0":[0,0],"1":[0,0],"2":[0,0],"3":[0,0],"4":[0,0],"5":[0,0],"6":[0,0],"7":[0,0],"8":[0,0],"9":[0],"10":[0,0],"11":[0,0],"12":[0,0]},"_coverageSchema":"1a1c01bbd47fc00a2c39e90264f33305004495a9","hash":"65737b7ac572e09f0d5c702d1a27dcf98ab09b41"}
}
